Parameter settings:
IC s1, N_x1 64, N_x2 64, dt 0.0001, K 3162.28, ell1 3.02, ell2 3.02, L_1 18.9752, L_2 18.9752, T 0.1, opt 1, tol 1e-06, cont 0, optT 0.1
Required Memory = 0 GB, Total Timesteps = 1000 (Max File Timesteps (640MB) 9766, Remainder File Timesteps 1000)
Directory name: _IC_s1_N1_64_N2_64_dt_1.0e-04_K_3.2e+03_ell1_3.02_ell2_3.02_T_1.00e-01_opt_1_tol_1e-06_cont_0_optT_1.00e-01.dat
Generated initial guess.
Forward problem initialized at 00:00:00
Iter Objective (J)     Adjoint   Stepsize  Brent Forward   Objective Delta
---------------------------------------------------------------------------
1    3238.91105121     00:00:01  00:00:18  32    00:00:18  0.0838282 
2    3510.42311965     00:00:19  00:00:28  17    00:00:29  0.145116  
3    4019.84070985     00:00:29  00:00:37  13    00:00:37  0.185065  
4    4763.7728411      00:00:38  00:00:46  15    00:00:47  0.237142  
5    5893.46581791     00:00:47  00:00:54  12    00:00:55  0.286162  
6    7579.94904739     00:00:55  00:01:01  11    00:01:02  0.568438  
7    11888.6796923     00:01:03  00:01:10  13    00:01:11  0.560967  
8    18557.8350606     00:01:11  00:01:17  11    00:01:18  0.523808  
9    28278.5863591     00:01:18  00:01:24  11    00:01:25  0.291818  
10   36530.7870603     00:01:25  00:01:31  10    00:01:32  0.0671025 
11   38982.0936        00:01:32  00:01:38  10    00:01:39  0.00350376
12   39118.6774635     00:01:40  00:01:45  10    00:01:46  1.784e-05 
13   39119.3753407     00:01:47  00:01:53  12    00:01:54  8.29251e-07
---------------------------------------------------------------------------
Energy maximization problem solved at 00:01:54
Maximum Energy Amplification: 39119.4077805
Started : 2026-07-17 15:44:55
Finished: 2026-07-17 15:46:50
Elapsed : 00:01:54

Program run complete.
