Parameter settings:
IC s1, N_x1 128, N_x2 128, dt 0.0001, K 3162.28, ell1 3.02, ell2 3.02, L_1 18.9752, L_2 18.9752, T 0.1, opt 1, tol 1e-06, cont 0, optT 0.1
Intermediate Storage (for adjoint solve) = 0 GB, Total Timesteps = 1000 (Max File Timesteps (640MB) 2441, Remainder File Timesteps 1000)
Final Storage = 0 GB, Total Timesteps = 100
Directory name: _IC_s1_N1_128_N2_128_dt_1.0e-04_K_3.2e+03_ell1_3.02_ell2_3.02_T_1.00e-01_opt_1_tol_1e-06_cont_0_optT_1.00e-01
Rank 1 of 4: local rows = 32, global row range = [32, 64), local grid elements = 4096
Rank 2 of 4: local rows = 32, global row range = [64, 96), local grid elements = 4096
Rank 3 of 4: local rows = 32, global row range = [96, 128), local grid elements = 4096
Rank 0 of 4: local rows = 32, global row range = [0, 32), local grid elements = 4096
Generated initial guess.
Forward problem initialized at 00:00:01
Iter Objective (J)     Adjoint   Stepsize  Brent Forward   Objective Delta
---------------------------------------------------------------------------
1    3238.91105121     00:00:02  00:00:36  32    00:00:37  0.0838282 
2    3510.42311965     00:00:39  00:00:57  17    00:00:59  0.145116  
3    4019.84070961     00:01:00  00:01:14  13    00:01:16  0.185065  
4    4763.77284008     00:01:17  00:01:33  15    00:01:35  0.237142  
5    5893.46581632     00:01:37  00:01:50  12    00:01:51  0.286162  
6    7579.94904375     00:01:53  00:02:05  11    00:02:06  0.568438  
7    11888.6792542     00:02:08  00:02:23  13    00:02:24  0.560968  
8    18557.8537878     00:02:26  00:02:37  10    00:02:38  0.523957  
9    28281.379305      00:02:40  00:02:52  11    00:02:53  0.292987  
10   36567.4465526     00:02:54  00:03:06  10    00:03:07  0.0692593 
11   39100.0808901     00:03:08  00:03:19  10    00:03:20  0.00565676
12   39321.2605027     00:03:22  00:03:33  10    00:03:34  0.00112504
13   39365.4985859     00:03:36  00:03:46  9     00:03:47  0.000280858
14   39376.5547144     00:03:48  00:03:59  10    00:04:00  1.16754e-05
15   39377.0144518     00:04:02  00:04:22  18    00:04:23  1.58851e-06
16   39377.0770027     00:04:25  00:04:41  14    00:04:42  2.84602e-07
WARNING: Fourier spectrum may be under-resolved.
---------------------------------------------------------------------------
Energy maximization problem solved at 00:04:44Spectral tail-energy ratio = 8.696912e-05
Spectral tail-energy ratio = 1.448360e-19

Maximum Energy Amplification: 3.937708820950e+04
Started : 2026-07-22 08:47:36
Finished: 2026-07-22 08:52:20
Elapsed : 00:04:44

Program run complete.
